doc license.txt
doc readme.txt
doc usermanual.pdf
previews 0-MONIMET_Demo-Sodankyla_Pine_Canopy.jpg
previews 0-MONIMET_Demo-Sodankyla_Pine_Crown.jpg
previews 0-MONIMET_Demo-Sodankyla_Pine_Ground.jpg
previews 0-MONIMET_Demo-Sodankyla_Pine_Peatland.jpg
resources blue_grad_vert.gif
resources brown_grad.gif
resources dygraph.css
resources dygraph.js
resources dygraph.min.js
resources green_grad.gif
resources green_grad_inv.gif
resources interaction-api.js
resources monimet_demo_def.ini
resources monimet.ico
resources networklist_def.ini
resources preview_blank.jpg
resources rna.png
